* installing *source* package 'greeks' ...
** using staged installation
** libs
g++  -std=gnu++11 -I"C:/PROGRA~1/R/R-42~1.2/include" -DNDEBUG  -I'C:/Users/Compi/AppData/Local/R/win-library/4.2/Rcpp/include'   -I"C:/rtools42/x86_64-w64-mingw32.static.posix/include"  -fopenmp   -O2 -Wall  -mfpmath=sse -msse2 -mstackrealign  -c BS_European_Greek_cpp.cpp -o BS_European_Greek_cpp.o
g++  -std=gnu++11 -I"C:/PROGRA~1/R/R-42~1.2/include" -DNDEBUG  -I'C:/Users/Compi/AppData/Local/R/win-library/4.2/Rcpp/include'   -I"C:/rtools42/x86_64-w64-mingw32.static.posix/include"  -fopenmp   -O2 -Wall  -mfpmath=sse -msse2 -mstackrealign  -c Binomial_American_Greeks.cpp -o Binomial_American_Greeks.o
Binomial_American_Greeks.cpp: In function 'Rcpp::NumericVector Binomial_American_Greeks_cpp(double, double, double, double, double, double, std::string, int)':
Binomial_American_Greeks.cpp:72:33: warning: 'payoff_function' may be used uninitialized in this function [-Wmaybe-uninitialized]
   72 |       value(i) = payoff_function(p_*value(i) + q_*value(i+1),
      |                  ~~~~~~~~~~~~~~~^~~~~~~~~~~~~~~~~~~~~~~~~~~~~
   73 |             price(2*steps - 2*i + j - steps), exercise_price);
      |             ~~~~~~~~~~~~~~~~~~~~~~~~~~~~~~~~~~~~~~~~~~~~~~~~~
g++  -std=gnu++11 -I"C:/PROGRA~1/R/R-42~1.2/include" -DNDEBUG  -I'C:/Users/Compi/AppData/Local/R/win-library/4.2/Rcpp/include'   -I"C:/rtools42/x86_64-w64-mingw32.static.posix/include"  -fopenmp   -O2 -Wall  -mfpmath=sse -msse2 -mstackrealign  -c RcppExports.cpp -o RcppExports.o
g++  -std=gnu++11 -I"C:/PROGRA~1/R/R-42~1.2/include" -DNDEBUG  -I'C:/Users/Compi/AppData/Local/R/win-library/4.2/Rcpp/include'   -I"C:/rtools42/x86_64-w64-mingw32.static.posix/include"  -fopenmp   -O2 -Wall  -mfpmath=sse -msse2 -mstackrealign  -c calc_I.cpp -o calc_I.o
g++  -std=gnu++11 -I"C:/PROGRA~1/R/R-42~1.2/include" -DNDEBUG  -I'C:/Users/Compi/AppData/Local/R/win-library/4.2/Rcpp/include'   -I"C:/rtools42/x86_64-w64-mingw32.static.posix/include"  -fopenmp   -O2 -Wall  -mfpmath=sse -msse2 -mstackrealign  -c calc_I_1.cpp -o calc_I_1.o
g++  -std=gnu++11 -I"C:/PROGRA~1/R/R-42~1.2/include" -DNDEBUG  -I'C:/Users/Compi/AppData/Local/R/win-library/4.2/Rcpp/include'   -I"C:/rtools42/x86_64-w64-mingw32.static.posix/include"  -fopenmp   -O2 -Wall  -mfpmath=sse -msse2 -mstackrealign  -c calc_I_2.cpp -o calc_I_2.o
g++  -std=gnu++11 -I"C:/PROGRA~1/R/R-42~1.2/include" -DNDEBUG  -I'C:/Users/Compi/AppData/Local/R/win-library/4.2/Rcpp/include'   -I"C:/rtools42/x86_64-w64-mingw32.static.posix/include"  -fopenmp   -O2 -Wall  -mfpmath=sse -msse2 -mstackrealign  -c calc_I_3.cpp -o calc_I_3.o
g++  -std=gnu++11 -I"C:/PROGRA~1/R/R-42~1.2/include" -DNDEBUG  -I'C:/Users/Compi/AppData/Local/R/win-library/4.2/Rcpp/include'   -I"C:/rtools42/x86_64-w64-mingw32.static.posix/include"  -fopenmp   -O2 -Wall  -mfpmath=sse -msse2 -mstackrealign  -c calc_X.cpp -o calc_X.o
g++  -std=gnu++11 -I"C:/PROGRA~1/R/R-42~1.2/include" -DNDEBUG  -I'C:/Users/Compi/AppData/Local/R/win-library/4.2/Rcpp/include'   -I"C:/rtools42/x86_64-w64-mingw32.static.posix/include"  -fopenmp   -O2 -Wall  -mfpmath=sse -msse2 -mstackrealign  -c calc_XW.cpp -o calc_XW.o
g++  -std=gnu++11 -I"C:/PROGRA~1/R/R-42~1.2/include" -DNDEBUG  -I'C:/Users/Compi/AppData/Local/R/win-library/4.2/Rcpp/include'   -I"C:/rtools42/x86_64-w64-mingw32.static.posix/include"  -fopenmp   -O2 -Wall  -mfpmath=sse -msse2 -mstackrealign  -c calc_tXW.cpp -o calc_tXW.o
g++  -std=gnu++11 -I"C:/PROGRA~1/R/R-42~1.2/include" -DNDEBUG  -I'C:/Users/Compi/AppData/Local/R/win-library/4.2/Rcpp/include'   -I"C:/rtools42/x86_64-w64-mingw32.static.posix/include"  -fopenmp   -O2 -Wall  -mfpmath=sse -msse2 -mstackrealign  -c make_BM.cpp -o make_BM.o
g++  -std=gnu++11 -I"C:/PROGRA~1/R/R-42~1.2/include" -DNDEBUG  -I'C:/Users/Compi/AppData/Local/R/win-library/4.2/Rcpp/include'   -I"C:/rtools42/x86_64-w64-mingw32.static.posix/include"  -fopenmp   -O2 -Wall  -mfpmath=sse -msse2 -mstackrealign  -c rowCumsums.cpp -o rowCumsums.o
g++ -shared -s -static-libgcc -o greeks.dll tmp.def BS_European_Greek_cpp.o Binomial_American_Greeks.o RcppExports.o calc_I.o calc_I_1.o calc_I_2.o calc_I_3.o calc_X.o calc_XW.o calc_tXW.o make_BM.o rowCumsums.o -fopenmp -LC:/PROGRA~1/R/R-42~1.2/bin/x64 -lRlapack -LC:/PROGRA~1/R/R-42~1.2/bin/x64 -lRblas -lgfortran -lm -lquadmath -LC:/rtools42/x86_64-w64-mingw32.static.posix/lib/x64 -LC:/rtools42/x86_64-w64-mingw32.static.posix/lib -LC:/PROGRA~1/R/R-42~1.2/bin/x64 -lR
installing to C:/Users/Compi/Documents/greeks/greeks.Rcheck/00LOCK-greeks/00new/greeks/libs/x64
** R
** inst
** byte-compile and prepare package for lazy loading
** help
*** installing help indices
** building package indices
** installing vignettes
** testing if installed package can be loaded from temporary location
** testing if installed package can be loaded from final location
** testing if installed package keeps a record of temporary installation path
* DONE (greeks)
